2023-03-24 11:28:40,044 [Worker-8: Loading available Gradle versions] INFO  o.e.b.c.i.u.g.PublishedGradleVersions - Gradle version information cache is out-of-date. Trying to update.
2023-03-24 11:29:05,665 [Worker-3: Update Maven projects configuration] INFO  o.e.m.c.i.p.ProjectConfigurationManager - Update started
2023-03-24 11:29:09,698 [Worker-3: Update Maven projects configuration] INFO  o.e.m.c.i.l.LifecycleMappingFactory - Using org.eclipse.m2e.jdt.JarLifecycleMapping lifecycle mapping for MavenProject: com.springSECURITYExampleV2:springSECURITYExampleV2:0.0.1-SNAPSHOT @ C:\Users\besch\OneDrive\Desktop\springSECURITYExampleV2\springSECURITYExampleV2\pom.xml.
2023-03-24 11:29:16,121 [Worker-3: Update Maven projects configuration] INFO  o.e.m.j.i.AbstractJavaProjectConfigurator - Adding source folder /springSECURITYExampleV2/src/main/java
2023-03-24 11:29:16,123 [Worker-3: Update Maven projects configuration] INFO  o.e.m.j.i.AbstractJavaProjectConfigurator - Adding resource folder /springSECURITYExampleV2/src/main/resources
2023-03-24 11:29:16,132 [Worker-3: Update Maven projects configuration] INFO  o.e.m.j.i.AbstractJavaProjectConfigurator - Adding resource folder /springSECURITYExampleV2/src/main/resources
2023-03-24 11:29:16,148 [Worker-3: Update Maven projects configuration] INFO  o.e.m.j.i.AbstractJavaProjectConfigurator - Adding source folder /springSECURITYExampleV2/src/test/java
2023-03-24 11:29:27,828 [Worker-3: Update Maven projects configuration] INFO  o.e.m.c.i.p.ProjectConfigurationManager - Update completed for 1 poms: local refresh takes 0,00 sec, refresh facades takes 8,00 sec, update config takes 13,00 sec 
2023-03-24 11:34:19,020 [Worker-13: Launching Executing clean in C__Users_besch_OneDrive_Desktop_springSECURITYExampleV2_springSECURITYExampleV2] INFO  o.eclipse.m2e.core.internal.Bundles - getClasspathEntries(Bundle=org.eclipse.m2e.maven.runtime_3.8.604.20221130-2149 [605])
2023-03-24 11:34:19,031 [Worker-13: Launching Executing clean in C__Users_besch_OneDrive_Desktop_springSECURITYExampleV2_springSECURITYExampleV2] INFO  o.eclipse.m2e.core.internal.Bundles - 	Entry: C:\Users\besch\.p2\pool\plugins\org.eclipse.m2e.maven.runtime_3.8.604.20221130-2149
2023-03-24 11:34:19,031 [Worker-13: Launching Executing clean in C__Users_besch_OneDrive_Desktop_springSECURITYExampleV2_springSECURITYExampleV2] INFO  o.eclipse.m2e.core.internal.Bundles - 	Entry: C:\Users\besch\.p2\pool\plugins\org.eclipse.m2e.maven.runtime_3.8.604.20221130-2149\jars\aether-connector-okhttp-0.17.8.jar
2023-03-24 11:34:19,031 [Worker-13: Launching Executing clean in C__Users_besch_OneDrive_Desktop_springSECURITYExampleV2_springSECURITYExampleV2] INFO  o.eclipse.m2e.core.internal.Bundles - 	Entry: C:\Users\besch\.p2\pool\plugins\org.eclipse.m2e.maven.runtime_3.8.604.20221130-2149\jars\commons-cli-1.4.jar
2023-03-24 11:34:19,031 [Worker-13: Launching Executing clean in C__Users_besch_OneDrive_Desktop_springSECURITYExampleV2_springSECURITYExampleV2] INFO  o.eclipse.m2e.core.internal.Bundles - 	Entry: C:\Users\besch\.p2\pool\plugins\org.eclipse.m2e.maven.runtime_3.8.604.20221130-2149\jars\commons-io-2.6.jar
2023-03-24 11:34:19,031 [Worker-13: Launching Executing clean in C__Users_besch_OneDrive_Desktop_springSECURITYExampleV2_springSECURITYExampleV2] INFO  o.eclipse.m2e.core.internal.Bundles - 	Entry: C:\Users\besch\.p2\pool\plugins\org.eclipse.m2e.maven.runtime_3.8.604.20221130-2149\jars\commons-lang3-3.8.1.jar
2023-03-24 11:34:19,031 [Worker-13: Launching Executing clean in C__Users_besch_OneDrive_Desktop_springSECURITYExampleV2_springSECURITYExampleV2] INFO  o.eclipse.m2e.core.internal.Bundles - 	Entry: C:\Users\besch\.p2\pool\plugins\org.eclipse.m2e.maven.runtime_3.8.604.20221130-2149\jars\guice-4.2.2-no_aop.jar
2023-03-24 11:34:19,032 [Worker-13: Launching Executing clean in C__Users_besch_OneDrive_Desktop_springSECURITYExampleV2_springSECURITYExampleV2] INFO  o.eclipse.m2e.core.internal.Bundles - 	Entry: C:\Users\besch\.p2\pool\plugins\org.eclipse.m2e.maven.runtime_3.8.604.20221130-2149\jars\jansi-2.4.0.jar
2023-03-24 11:34:19,032 [Worker-13: Launching Executing clean in C__Users_besch_OneDrive_Desktop_springSECURITYExampleV2_springSECURITYExampleV2] INFO  o.eclipse.m2e.core.internal.Bundles - 	Entry: C:\Users\besch\.p2\pool\plugins\org.eclipse.m2e.maven.runtime_3.8.604.20221130-2149\jars\maven-artifact-3.8.6.jar
2023-03-24 11:34:19,032 [Worker-13: Launching Executing clean in C__Users_besch_OneDrive_Desktop_springSECURITYExampleV2_springSECURITYExampleV2] INFO  o.eclipse.m2e.core.internal.Bundles - 	Entry: C:\Users\besch\.p2\pool\plugins\org.eclipse.m2e.maven.runtime_3.8.604.20221130-2149\jars\maven-builder-support-3.8.6.jar
2023-03-24 11:34:19,032 [Worker-13: Launching Executing clean in C__Users_besch_OneDrive_Desktop_springSECURITYExampleV2_springSECURITYExampleV2] INFO  o.eclipse.m2e.core.internal.Bundles - 	Entry: C:\Users\besch\.p2\pool\plugins\org.eclipse.m2e.maven.runtime_3.8.604.20221130-2149\jars\maven-compat-3.8.6.jar
2023-03-24 11:34:19,032 [Worker-13: Launching Executing clean in C__Users_besch_OneDrive_Desktop_springSECURITYExampleV2_springSECURITYExampleV2] INFO  o.eclipse.m2e.core.internal.Bundles - 	Entry: C:\Users\besch\.p2\pool\plugins\org.eclipse.m2e.maven.runtime_3.8.604.20221130-2149\jars\maven-core-3.8.6.jar
2023-03-24 11:34:19,032 [Worker-13: Launching Executing clean in C__Users_besch_OneDrive_Desktop_springSECURITYExampleV2_springSECURITYExampleV2] INFO  o.eclipse.m2e.core.internal.Bundles - 	Entry: C:\Users\besch\.p2\pool\plugins\org.eclipse.m2e.maven.runtime_3.8.604.20221130-2149\jars\maven-embedder-3.8.6.jar
2023-03-24 11:34:19,032 [Worker-13: Launching Executing clean in C__Users_besch_OneDrive_Desktop_springSECURITYExampleV2_springSECURITYExampleV2] INFO  o.eclipse.m2e.core.internal.Bundles - 	Entry: C:\Users\besch\.p2\pool\plugins\org.eclipse.m2e.maven.runtime_3.8.604.20221130-2149\jars\maven-model-3.8.6.jar
2023-03-24 11:34:19,032 [Worker-13: Launching Executing clean in C__Users_besch_OneDrive_Desktop_springSECURITYExampleV2_springSECURITYExampleV2] INFO  o.eclipse.m2e.core.internal.Bundles - 	Entry: C:\Users\besch\.p2\pool\plugins\org.eclipse.m2e.maven.runtime_3.8.604.20221130-2149\jars\maven-model-builder-3.8.6.jar
2023-03-24 11:34:19,032 [Worker-13: Launching Executing clean in C__Users_besch_OneDrive_Desktop_springSECURITYExampleV2_springSECURITYExampleV2] INFO  o.eclipse.m2e.core.internal.Bundles - 	Entry: C:\Users\besch\.p2\pool\plugins\org.eclipse.m2e.maven.runtime_3.8.604.20221130-2149\jars\maven-plugin-api-3.8.6.jar
2023-03-24 11:34:19,032 [Worker-13: Launching Executing clean in C__Users_besch_OneDrive_Desktop_springSECURITYExampleV2_springSECURITYExampleV2] INFO  o.eclipse.m2e.core.internal.Bundles - 	Entry: C:\Users\besch\.p2\pool\plugins\org.eclipse.m2e.maven.runtime_3.8.604.20221130-2149\jars\maven-repository-metadata-3.8.6.jar
2023-03-24 11:34:19,032 [Worker-13: Launching Executing clean in C__Users_besch_OneDrive_Desktop_springSECURITYExampleV2_springSECURITYExampleV2] INFO  o.eclipse.m2e.core.internal.Bundles - 	Entry: C:\Users\besch\.p2\pool\plugins\org.eclipse.m2e.maven.runtime_3.8.604.20221130-2149\jars\maven-resolver-api-1.6.3.jar
2023-03-24 11:34:19,032 [Worker-13: Launching Executing clean in C__Users_besch_OneDrive_Desktop_springSECURITYExampleV2_springSECURITYExampleV2] INFO  o.eclipse.m2e.core.internal.Bundles - 	Entry: C:\Users\besch\.p2\pool\plugins\org.eclipse.m2e.maven.runtime_3.8.604.20221130-2149\jars\maven-resolver-connector-basic-1.6.3.jar
2023-03-24 11:34:19,032 [Worker-13: Launching Executing clean in C__Users_besch_OneDrive_Desktop_springSECURITYExampleV2_springSECURITYExampleV2] INFO  o.eclipse.m2e.core.internal.Bundles - 	Entry: C:\Users\besch\.p2\pool\plugins\org.eclipse.m2e.maven.runtime_3.8.604.20221130-2149\jars\maven-resolver-impl-1.6.3.jar
2023-03-24 11:34:19,034 [Worker-13: Launching Executing clean in C__Users_besch_OneDrive_Desktop_springSECURITYExampleV2_springSECURITYExampleV2] INFO  o.eclipse.m2e.core.internal.Bundles - 	Entry: C:\Users\besch\.p2\pool\plugins\org.eclipse.m2e.maven.runtime_3.8.604.20221130-2149\jars\maven-resolver-provider-3.8.6.jar
2023-03-24 11:34:19,034 [Worker-13: Launching Executing clean in C__Users_besch_OneDrive_Desktop_springSECURITYExampleV2_springSECURITYExampleV2] INFO  o.eclipse.m2e.core.internal.Bundles - 	Entry: C:\Users\besch\.p2\pool\plugins\org.eclipse.m2e.maven.runtime_3.8.604.20221130-2149\jars\maven-resolver-spi-1.6.3.jar
2023-03-24 11:34:19,034 [Worker-13: Launching Executing clean in C__Users_besch_OneDrive_Desktop_springSECURITYExampleV2_springSECURITYExampleV2] INFO  o.eclipse.m2e.core.internal.Bundles - 	Entry: C:\Users\besch\.p2\pool\plugins\org.eclipse.m2e.maven.runtime_3.8.604.20221130-2149\jars\maven-resolver-transport-wagon-1.6.3.jar
2023-03-24 11:34:19,034 [Worker-13: Launching Executing clean in C__Users_besch_OneDrive_Desktop_springSECURITYExampleV2_springSECURITYExampleV2] INFO  o.eclipse.m2e.core.internal.Bundles - 	Entry: C:\Users\besch\.p2\pool\plugins\org.eclipse.m2e.maven.runtime_3.8.604.20221130-2149\jars\maven-resolver-util-1.6.3.jar
2023-03-24 11:34:19,034 [Worker-13: Launching Executing clean in C__Users_besch_OneDrive_Desktop_springSECURITYExampleV2_springSECURITYExampleV2] INFO  o.eclipse.m2e.core.internal.Bundles - 	Entry: C:\Users\besch\.p2\pool\plugins\org.eclipse.m2e.maven.runtime_3.8.604.20221130-2149\jars\maven-settings-3.8.6.jar
2023-03-24 11:34:19,034 [Worker-13: Launching Executing clean in C__Users_besch_OneDrive_Desktop_springSECURITYExampleV2_springSECURITYExampleV2] INFO  o.eclipse.m2e.core.internal.Bundles - 	Entry: C:\Users\besch\.p2\pool\plugins\org.eclipse.m2e.maven.runtime_3.8.604.20221130-2149\jars\maven-settings-builder-3.8.6.jar
2023-03-24 11:34:19,034 [Worker-13: Launching Executing clean in C__Users_besch_OneDrive_Desktop_springSECURITYExampleV2_springSECURITYExampleV2] INFO  o.eclipse.m2e.core.internal.Bundles - 	Entry: C:\Users\besch\.p2\pool\plugins\org.eclipse.m2e.maven.runtime_3.8.604.20221130-2149\jars\maven-shared-utils-3.3.4.jar
2023-03-24 11:34:19,034 [Worker-13: Launching Executing clean in C__Users_besch_OneDrive_Desktop_springSECURITYExampleV2_springSECURITYExampleV2] INFO  o.eclipse.m2e.core.internal.Bundles - 	Entry: C:\Users\besch\.p2\pool\plugins\org.eclipse.m2e.maven.runtime_3.8.604.20221130-2149\jars\okhttp-3.14.1.jar
2023-03-24 11:34:19,035 [Worker-13: Launching Executing clean in C__Users_besch_OneDrive_Desktop_springSECURITYExampleV2_springSECURITYExampleV2] INFO  o.eclipse.m2e.core.internal.Bundles - 	Entry: C:\Users\besch\.p2\pool\plugins\org.eclipse.m2e.maven.runtime_3.8.604.20221130-2149\jars\okio-1.17.3.jar
2023-03-24 11:34:19,035 [Worker-13: Launching Executing clean in C__Users_besch_OneDrive_Desktop_springSECURITYExampleV2_springSECURITYExampleV2] INFO  o.eclipse.m2e.core.internal.Bundles - 	Entry: C:\Users\besch\.p2\pool\plugins\org.eclipse.m2e.maven.runtime_3.8.604.20221130-2149\jars\org.eclipse.sisu.inject-0.3.5.jar
2023-03-24 11:34:19,035 [Worker-13: Launching Executing clean in C__Users_besch_OneDrive_Desktop_springSECURITYExampleV2_springSECURITYExampleV2] INFO  o.eclipse.m2e.core.internal.Bundles - 	Entry: C:\Users\besch\.p2\pool\plugins\org.eclipse.m2e.maven.runtime_3.8.604.20221130-2149\jars\org.eclipse.sisu.plexus-0.3.5.jar
2023-03-24 11:34:19,035 [Worker-13: Launching Executing clean in C__Users_besch_OneDrive_Desktop_springSECURITYExampleV2_springSECURITYExampleV2] INFO  o.eclipse.m2e.core.internal.Bundles - 	Entry: C:\Users\besch\.p2\pool\plugins\org.eclipse.m2e.maven.runtime_3.8.604.20221130-2149\jars\plexus-build-api-0.0.7.jar
2023-03-24 11:34:19,035 [Worker-13: Launching Executing clean in C__Users_besch_OneDrive_Desktop_springSECURITYExampleV2_springSECURITYExampleV2] INFO  o.eclipse.m2e.core.internal.Bundles - 	Entry: C:\Users\besch\.p2\pool\plugins\org.eclipse.m2e.maven.runtime_3.8.604.20221130-2149\jars\plexus-cipher-2.0.jar
2023-03-24 11:34:19,035 [Worker-13: Launching Executing clean in C__Users_besch_OneDrive_Desktop_springSECURITYExampleV2_springSECURITYExampleV2] INFO  o.eclipse.m2e.core.internal.Bundles - 	Entry: C:\Users\besch\.p2\pool\plugins\org.eclipse.m2e.maven.runtime_3.8.604.20221130-2149\jars\plexus-classworlds-2.6.0.jar
2023-03-24 11:34:19,035 [Worker-13: Launching Executing clean in C__Users_besch_OneDrive_Desktop_springSECURITYExampleV2_springSECURITYExampleV2] INFO  o.eclipse.m2e.core.internal.Bundles - 	Entry: C:\Users\besch\.p2\pool\plugins\org.eclipse.m2e.maven.runtime_3.8.604.20221130-2149\jars\plexus-component-annotations-2.1.0.jar
2023-03-24 11:34:19,036 [Worker-13: Launching Executing clean in C__Users_besch_OneDrive_Desktop_springSECURITYExampleV2_springSECURITYExampleV2] INFO  o.eclipse.m2e.core.internal.Bundles - 	Entry: C:\Users\besch\.p2\pool\plugins\org.eclipse.m2e.maven.runtime_3.8.604.20221130-2149\jars\plexus-interpolation-1.26.jar
2023-03-24 11:34:19,036 [Worker-13: Launching Executing clean in C__Users_besch_OneDrive_Desktop_springSECURITYExampleV2_springSECURITYExampleV2] INFO  o.eclipse.m2e.core.internal.Bundles - 	Entry: C:\Users\besch\.p2\pool\plugins\org.eclipse.m2e.maven.runtime_3.8.604.20221130-2149\jars\plexus-sec-dispatcher-2.0.jar
2023-03-24 11:34:19,036 [Worker-13: Launching Executing clean in C__Users_besch_OneDrive_Desktop_springSECURITYExampleV2_springSECURITYExampleV2] INFO  o.eclipse.m2e.core.internal.Bundles - 	Entry: C:\Users\besch\.p2\pool\plugins\org.eclipse.m2e.maven.runtime_3.8.604.20221130-2149\jars\plexus-utils-3.3.1.jar
2023-03-24 11:34:19,036 [Worker-13: Launching Executing clean in C__Users_besch_OneDrive_Desktop_springSECURITYExampleV2_springSECURITYExampleV2] INFO  o.eclipse.m2e.core.internal.Bundles - 	Entry: C:\Users\besch\.p2\pool\plugins\org.eclipse.m2e.maven.runtime_3.8.604.20221130-2149\jars\wagon-file-3.5.1.jar
2023-03-24 11:34:19,036 [Worker-13: Launching Executing clean in C__Users_besch_OneDrive_Desktop_springSECURITYExampleV2_springSECURITYExampleV2] INFO  o.eclipse.m2e.core.internal.Bundles - 	Entry: C:\Users\besch\.p2\pool\plugins\org.eclipse.m2e.maven.runtime_3.8.604.20221130-2149\jars\wagon-provider-api-3.5.1.jar
2023-03-24 11:34:19,037 [Worker-13: Launching Executing clean in C__Users_besch_OneDrive_Desktop_springSECURITYExampleV2_springSECURITYExampleV2] INFO  o.eclipse.m2e.core.internal.Bundles - getClasspathEntries(Bundle=com.google.guava_30.1.0.v20221112-0806 [10])
2023-03-24 11:34:19,038 [Worker-13: Launching Executing clean in C__Users_besch_OneDrive_Desktop_springSECURITYExampleV2_springSECURITYExampleV2] INFO  o.eclipse.m2e.core.internal.Bundles - 	Entry: C:\Users\besch\.p2\pool\plugins\com.google.guava_30.1.0.v20221112-0806.jar
2023-03-24 11:34:19,039 [Worker-13: Launching Executing clean in C__Users_besch_OneDrive_Desktop_springSECURITYExampleV2_springSECURITYExampleV2] INFO  o.eclipse.m2e.core.internal.Bundles - getClasspathEntries(Bundle=slf4j.api_1.7.36 [917])
2023-03-24 11:34:19,039 [Worker-13: Launching Executing clean in C__Users_besch_OneDrive_Desktop_springSECURITYExampleV2_springSECURITYExampleV2] INFO  o.eclipse.m2e.core.internal.Bundles - 	Entry: C:\Users\besch\.p2\pool\plugins\slf4j.api_1.7.36.jar
2023-03-24 11:34:19,039 [Worker-13: Launching Executing clean in C__Users_besch_OneDrive_Desktop_springSECURITYExampleV2_springSECURITYExampleV2] INFO  o.eclipse.m2e.core.internal.Bundles - getClasspathEntries(Bundle=javax.inject_1.0.0.v20220405-0441 [32])
2023-03-24 11:34:19,040 [Worker-13: Launching Executing clean in C__Users_besch_OneDrive_Desktop_springSECURITYExampleV2_springSECURITYExampleV2] INFO  o.eclipse.m2e.core.internal.Bundles - 	Entry: C:\Users\besch\.p2\pool\plugins\javax.inject_1.0.0.v20220405-0441.jar
2023-03-24 11:34:19,040 [Worker-13: Launching Executing clean in C__Users_besch_OneDrive_Desktop_springSECURITYExampleV2_springSECURITYExampleV2] INFO  o.eclipse.m2e.core.internal.Bundles - getClasspathEntries(Bundle=javax.annotation_1.3.5.v20221112-0806 [30])
2023-03-24 11:34:19,041 [Worker-13: Launching Executing clean in C__Users_besch_OneDrive_Desktop_springSECURITYExampleV2_springSECURITYExampleV2] INFO  o.eclipse.m2e.core.internal.Bundles - 	Entry: C:\Users\besch\.p2\pool\plugins\javax.annotation_1.3.5.v20221112-0806.jar
2023-03-24 11:34:19,045 [Worker-13: Launching Executing clean in C__Users_besch_OneDrive_Desktop_springSECURITYExampleV2_springSECURITYExampleV2] INFO  o.e.m.i.launch.MavenLaunchDelegate - Run build in "C:\Users\besch\OneDrive\Desktop\springSECURITYExampleV2\springSECURITYExampleV2":
2023-03-24 11:34:19,046 [Worker-13: Launching Executing clean in C__Users_besch_OneDrive_Desktop_springSECURITYExampleV2_springSECURITYExampleV2] INFO  o.e.m.i.launch.MavenLaunchDelegate -  mvn  -B -Dstyle.color=always clean
2023-03-24 11:34:19,046 [Worker-13: Launching Executing clean in C__Users_besch_OneDrive_Desktop_springSECURITYExampleV2_springSECURITYExampleV2] WARN  o.e.m.i.l.MavenLaunchExtensionsSupport - Unknown or unsupported source locator org.eclipse.jdt.internal.launching.sourcelookup.advanced.AdvancedSourceLookupDirector
2023-03-24 11:34:26,672 [Worker-30: Launching Executing install in C__Users_besch_OneDrive_Desktop_springSECURITYExampleV2_springSECURITYExampleV2] INFO  o.e.m.i.launch.MavenLaunchDelegate - Run build in "C:\Users\besch\OneDrive\Desktop\springSECURITYExampleV2\springSECURITYExampleV2":
2023-03-24 11:34:26,672 [Worker-30: Launching Executing install in C__Users_besch_OneDrive_Desktop_springSECURITYExampleV2_springSECURITYExampleV2] INFO  o.e.m.i.launch.MavenLaunchDelegate -  mvn  -B -Dstyle.color=always install
2023-03-24 11:34:26,672 [Worker-30: Launching Executing install in C__Users_besch_OneDrive_Desktop_springSECURITYExampleV2_springSECURITYExampleV2] WARN  o.e.m.i.l.MavenLaunchExtensionsSupport - Unknown or unsupported source locator org.eclipse.jdt.internal.launching.sourcelookup.advanced.AdvancedSourceLookupDirector
2023-03-24 11:57:50,439 [Worker-45: Building] INFO  o.e.m.c.i.l.LifecycleMappingFactory - Using org.eclipse.m2e.jdt.JarLifecycleMapping lifecycle mapping for MavenProject: com.springSECURITYExampleV2:springSECURITYExampleV2:0.0.1-SNAPSHOT @ C:\Users\besch\OneDrive\Desktop\springSECURITYExampleV2\springSECURITYExampleV2\pom.xml.
2023-03-24 11:57:51,022 [Worker-45: Building] INFO  o.a.m.s.f.DefaultMavenResourcesFiltering - Copying 1 resource
2023-03-24 11:57:51,034 [Worker-45: Building] INFO  o.a.m.s.f.DefaultMavenResourcesFiltering - Copying 0 resource
2023-03-24 11:57:51,037 [Worker-45: Building] INFO  o.a.m.s.f.DefaultMavenResourcesFiltering - skip non existing resourceDirectory C:\Users\besch\OneDrive\Desktop\springSECURITYExampleV2\springSECURITYExampleV2\src\test\resources
2023-03-24 11:57:52,543 [Worker-40: Building] INFO  o.a.m.s.f.DefaultMavenResourcesFiltering - Copying 1 resource
2023-03-24 11:57:52,546 [Worker-40: Building] INFO  o.a.m.s.f.DefaultMavenResourcesFiltering - Copying 0 resource
2023-03-24 11:57:52,549 [Worker-40: Building] INFO  o.a.m.s.f.DefaultMavenResourcesFiltering - skip non existing resourceDirectory C:\Users\besch\OneDrive\Desktop\springSECURITYExampleV2\springSECURITYExampleV2\src\test\resources
2023-03-24 11:58:19,773 [Worker-13: Building] INFO  o.a.m.s.f.DefaultMavenResourcesFiltering - Copying 1 resource
2023-03-24 11:58:19,785 [Worker-13: Building] INFO  o.a.m.s.f.DefaultMavenResourcesFiltering - Copying 0 resource
2023-03-24 11:58:19,789 [Worker-13: Building] INFO  o.a.m.s.f.DefaultMavenResourcesFiltering - skip non existing resourceDirectory C:\Users\besch\OneDrive\Desktop\springSECURITYExampleV2\springSECURITYExampleV2\src\test\resources
2023-03-24 11:58:45,276 [Worker-43: Building] INFO  o.a.m.s.f.DefaultMavenResourcesFiltering - Copying 1 resource
2023-03-24 11:58:45,281 [Worker-43: Building] INFO  o.a.m.s.f.DefaultMavenResourcesFiltering - Copying 0 resource
2023-03-24 11:58:45,283 [Worker-43: Building] INFO  o.a.m.s.f.DefaultMavenResourcesFiltering - skip non existing resourceDirectory C:\Users\besch\OneDrive\Desktop\springSECURITYExampleV2\springSECURITYExampleV2\src\test\resources
2023-03-24 11:59:23,762 [Worker-46: Building] INFO  o.a.m.s.f.DefaultMavenResourcesFiltering - Copying 1 resource
2023-03-24 11:59:23,766 [Worker-46: Building] INFO  o.a.m.s.f.DefaultMavenResourcesFiltering - Copying 0 resource
2023-03-24 11:59:23,771 [Worker-46: Building] INFO  o.a.m.s.f.DefaultMavenResourcesFiltering - skip non existing resourceDirectory C:\Users\besch\OneDrive\Desktop\springSECURITYExampleV2\springSECURITYExampleV2\src\test\resources
2023-03-24 11:59:33,870 [Worker-43: Building] INFO  o.a.m.s.f.DefaultMavenResourcesFiltering - Copying 1 resource
2023-03-24 11:59:33,877 [Worker-43: Building] INFO  o.a.m.s.f.DefaultMavenResourcesFiltering - Copying 0 resource
2023-03-24 11:59:33,880 [Worker-43: Building] INFO  o.a.m.s.f.DefaultMavenResourcesFiltering - skip non existing resourceDirectory C:\Users\besch\OneDrive\Desktop\springSECURITYExampleV2\springSECURITYExampleV2\src\test\resources
2023-03-24 11:59:52,401 [Worker-43: Building] INFO  o.a.m.s.f.DefaultMavenResourcesFiltering - Copying 1 resource
2023-03-24 11:59:52,407 [Worker-43: Building] INFO  o.a.m.s.f.DefaultMavenResourcesFiltering - Copying 0 resource
2023-03-24 11:59:52,410 [Worker-43: Building] INFO  o.a.m.s.f.DefaultMavenResourcesFiltering - skip non existing resourceDirectory C:\Users\besch\OneDrive\Desktop\springSECURITYExampleV2\springSECURITYExampleV2\src\test\resources
2023-03-24 12:00:16,401 [Worker-41: Building] INFO  o.a.m.s.f.DefaultMavenResourcesFiltering - Copying 1 resource
2023-03-24 12:00:16,405 [Worker-41: Building] INFO  o.a.m.s.f.DefaultMavenResourcesFiltering - Copying 0 resource
2023-03-24 12:00:16,411 [Worker-41: Building] INFO  o.a.m.s.f.DefaultMavenResourcesFiltering - skip non existing resourceDirectory C:\Users\besch\OneDrive\Desktop\springSECURITYExampleV2\springSECURITYExampleV2\src\test\resources
2023-03-24 12:01:05,630 [Worker-44: Building] INFO  o.a.m.s.f.DefaultMavenResourcesFiltering - Copying 0 resource
2023-03-24 12:01:05,630 [Worker-44: Building] INFO  o.a.m.s.f.DefaultMavenResourcesFiltering - Copying 0 resource
2023-03-24 12:01:05,632 [Worker-44: Building] INFO  o.a.m.s.f.DefaultMavenResourcesFiltering - skip non existing resourceDirectory C:\Users\besch\OneDrive\Desktop\springSECURITYExampleV2\springSECURITYExampleV2\src\test\resources
2023-03-24 12:02:45,878 [Worker-41: Building] INFO  o.a.m.s.f.DefaultMavenResourcesFiltering - Copying 1 resource
2023-03-24 12:02:45,887 [Worker-41: Building] INFO  o.a.m.s.f.DefaultMavenResourcesFiltering - Copying 0 resource
2023-03-24 12:02:45,892 [Worker-41: Building] INFO  o.a.m.s.f.DefaultMavenResourcesFiltering - skip non existing resourceDirectory C:\Users\besch\OneDrive\Desktop\springSECURITYExampleV2\springSECURITYExampleV2\src\test\resources
2023-03-24 12:09:24,284 [Worker-13: Building] INFO  o.a.m.s.f.DefaultMavenResourcesFiltering - Copying 1 resource
2023-03-24 12:09:24,289 [Worker-13: Building] INFO  o.a.m.s.f.DefaultMavenResourcesFiltering - Copying 0 resource
2023-03-24 12:09:24,291 [Worker-13: Building] INFO  o.a.m.s.f.DefaultMavenResourcesFiltering - skip non existing resourceDirectory C:\Users\besch\OneDrive\Desktop\springSECURITYExampleV2\springSECURITYExampleV2\src\test\resources
2023-03-24 12:14:05,768 [Worker-49: Building] INFO  o.a.m.s.f.DefaultMavenResourcesFiltering - Copying 1 resource
2023-03-24 12:14:05,773 [Worker-49: Building] INFO  o.a.m.s.f.DefaultMavenResourcesFiltering - Copying 0 resource
2023-03-24 12:14:05,779 [Worker-49: Building] INFO  o.a.m.s.f.DefaultMavenResourcesFiltering - skip non existing resourceDirectory C:\Users\besch\OneDrive\Desktop\springSECURITYExampleV2\springSECURITYExampleV2\src\test\resources
2023-03-24 12:20:34,645 [Worker-52: Building] INFO  o.a.m.s.f.DefaultMavenResourcesFiltering - Copying 1 resource
2023-03-24 12:20:34,650 [Worker-52: Building] INFO  o.a.m.s.f.DefaultMavenResourcesFiltering - Copying 0 resource
2023-03-24 12:20:34,652 [Worker-52: Building] INFO  o.a.m.s.f.DefaultMavenResourcesFiltering - skip non existing resourceDirectory C:\Users\besch\OneDrive\Desktop\springSECURITYExampleV2\springSECURITYExampleV2\src\test\resources
2023-03-24 12:21:39,694 [Worker-56: Building] INFO  o.a.m.s.f.DefaultMavenResourcesFiltering - Copying 1 resource
2023-03-24 12:21:39,702 [Worker-56: Building] INFO  o.a.m.s.f.DefaultMavenResourcesFiltering - Copying 0 resource
2023-03-24 12:21:39,704 [Worker-56: Building] INFO  o.a.m.s.f.DefaultMavenResourcesFiltering - skip non existing resourceDirectory C:\Users\besch\OneDrive\Desktop\springSECURITYExampleV2\springSECURITYExampleV2\src\test\resources
